<?xml version="1.0" encoding="UTF-8"?>
<!-- Generated by org.testng.reporters.JUnitXMLReporter -->
<testsuite hostname="DESKTOP-7O41132" ignored="0" name="Default test" tests="4" failures="0" timestamp="17 Apr 2022 15:42:22 GMT" time="32.21" errors="0">
  <testcase name="tc2" time="0.208" classname="org.dtprovider.Facebook"/>
  <testcase name="tc2" time="0.202" classname="org.dtprovider.Facebook"/>
  <testcase name="tc2" time="0.191" classname="org.dtprovider.Facebook"/>
  <testcase name="tc2" time="0.196" classname="org.dtprovider.Facebook"/>
</testsuite> <!-- Default test -->
