<?xml version="1.0" encoding="UTF-8"?>
<!-- Generated by org.testng.reporters.JUnitXMLReporter -->
<testsuite hostname="DESKTOP-7O41132" ignored="0" name="Test" tests="1" failures="1" timestamp="17 Apr 2022 15:20:49 GMT" time="0.04" errors="0">
  <testcase name="tc1" time="0.0" classname="testNG.demo">
    <failure type="org.testng.TestNGException" message="
Parameter &amp;apos;emai&amp;apos; is required by @Test on method tc1 but has not been marked @Optional or defined
in C:\Users\Admin\eclipse-workspace\frameworkclassone\demo.xml">
      <![CDATA[org.testng.TestNGException: 
Parameter 'emai' is required by @Test on method tc1 but has not been marked @Optional or defined
in C:\Users\Admin\eclipse-workspace\frameworkclassone\demo.xml
... Removed 24 stack frames]]>
    </failure>
  </testcase> <!-- tc1 -->
</testsuite> <!-- Test -->
